0 info it worked if it ends with ok
1 verbose cli [ 'node', '/usr/local/bin/npm', 'install', 'gulp' ]
2 info using npm@2.10.1
3 info using node@v0.12.4
4 verbose install initial load of /Users/onlinemedien/Documents/walkieDoggie/walkieDoggie/package.json
5 warn package.json walkieDoggie@1.0.0 No repository field.
6 warn package.json walkieDoggie@1.0.0 No README data
7 warn package.json walkieDoggie@1.0.0 No license field.
8 verbose readDependencies loading dependencies from /Users/onlinemedien/Documents/walkieDoggie/walkieDoggie/package.json
9 silly cache add args [ 'gulp@^3.5.6', null ]
10 verbose cache add spec gulp@^3.5.6
11 silly cache add parsed spec { raw: 'gulp@^3.5.6',
11 silly cache add   scope: null,
11 silly cache add   name: 'gulp',
11 silly cache add   rawSpec: '^3.5.6',
11 silly cache add   spec: '>=3.5.6 <4.0.0',
11 silly cache add   type: 'range' }
12 silly addNamed gulp@>=3.5.6 <4.0.0
13 verbose addNamed ">=3.5.6 <4.0.0" is a valid semver range for gulp
14 silly addNameRange { name: 'gulp', range: '>=3.5.6 <4.0.0', hasData: false }
15 silly mapToRegistry name gulp
16 silly mapToRegistry using default registry
17 silly mapToRegistry registry https://registry.npmjs.org/
18 silly mapToRegistry uri https://registry.npmjs.org/gulp
19 verbose addNameRange registry:https://registry.npmjs.org/gulp not in flight; fetching
20 verbose request uri https://registry.npmjs.org/gulp
21 verbose request no auth needed
22 info attempt registry request try #1 at 02:38:27
23 verbose request id e0f445fdafade4ab
24 verbose etag "4EZQ0QR4F0D29ERWDI2J44Y31"
25 http request GET https://registry.npmjs.org/gulp
26 http 200 https://registry.npmjs.org/gulp
27 silly get cb [ 200,
27 silly get   { server: 'CouchDB/1.5.0 (Erlang OTP/R16B03)',
27 silly get     etag: '"4TKGIONBVBNP8R1PPBUPCJJO8"',
27 silly get     'content-type': 'application/json',
27 silly get     'cache-control': 'max-age=60',
27 silly get     'content-length': '104211',
27 silly get     'accept-ranges': 'bytes',
27 silly get     date: 'Thu, 11 Jun 2015 00:37:10 GMT',
27 silly get     via: '1.1 varnish',
27 silly get     age: '38',
27 silly get     connection: 'keep-alive',
27 silly get     'x-served-by': 'cache-fra1227-FRA',
27 silly get     'x-cache': 'HIT',
27 silly get     'x-cache-hits': '1',
27 silly get     'x-timer': 'S1433983030.444717,VS0,VE0',
27 silly get     vary: 'Accept' } ]
28 verbose get saving gulp to /Users/onlinemedien/.npm/registry.npmjs.org/gulp/.cache.json
29 silly addNameRange number 2 { name: 'gulp', range: '>=3.5.6 <4.0.0', hasData: true }
30 silly addNameRange versions [ 'gulp',
30 silly addNameRange   [ '0.0.1',
30 silly addNameRange     '0.0.2',
30 silly addNameRange     '0.0.3',
30 silly addNameRange     '0.0.4',
30 silly addNameRange     '0.0.5',
30 silly addNameRange     '0.0.7',
30 silly addNameRange     '0.0.8',
30 silly addNameRange     '0.0.9',
30 silly addNameRange     '0.1.0',
30 silly addNameRange     '0.2.0',
30 silly addNameRange     '1.0.0',
30 silly addNameRange     '1.1.0',
30 silly addNameRange     '1.2.0',
30 silly addNameRange     '1.2.1',
30 silly addNameRange     '2.0.0',
30 silly addNameRange     '2.0.1',
30 silly addNameRange     '2.1.0',
30 silly addNameRange     '2.2.0',
30 silly addNameRange     '2.3.0',
30 silly addNameRange     '2.4.0',
30 silly addNameRange     '2.4.1',
30 silly addNameRange     '2.6.0',
30 silly addNameRange     '2.6.1',
30 silly addNameRange     '2.7.0',
30 silly addNameRange     '3.0.0',
30 silly addNameRange     '3.1.1',
30 silly addNameRange     '3.1.2',
30 silly addNameRange     '3.1.3',
30 silly addNameRange     '3.1.4',
30 silly addNameRange     '3.2.0',
30 silly addNameRange     '3.2.1',
30 silly addNameRange     '3.2.2',
30 silly addNameRange     '3.2.3',
30 silly addNameRange     '3.2.4',
30 silly addNameRange     '3.2.5',
30 silly addNameRange     '3.3.0',
30 silly addNameRange     '3.3.1',
30 silly addNameRange     '3.3.2',
30 silly addNameRange     '3.3.4',
30 silly addNameRange     '3.4.0',
30 silly addNameRange     '3.5.0',
30 silly addNameRange     '3.5.1',
30 silly addNameRange     '3.5.2',
30 silly addNameRange     '3.5.5',
30 silly addNameRange     '3.5.6',
30 silly addNameRange     '3.6.0',
30 silly addNameRange     '3.6.1',
30 silly addNameRange     '3.6.2',
30 silly addNameRange     '3.7.0',
30 silly addNameRange     '3.8.0',
30 silly addNameRange     '3.8.1',
30 silly addNameRange     '3.8.2',
30 silly addNameRange     '3.8.3',
30 silly addNameRange     '3.8.4',
30 silly addNameRange     '3.8.5',
30 silly addNameRange     '3.8.6',
30 silly addNameRange     '3.8.7',
30 silly addNameRange     '3.8.8',
30 silly addNameRange     '3.8.9',
30 silly addNameRange     '3.8.10',
30 silly addNameRange     '3.8.11',
30 silly addNameRange     '3.9.0' ] ]
31 silly addNamed gulp@3.9.0
32 verbose addNamed "3.9.0" is a plain semver version for gulp
33 silly cache afterAdd gulp@3.9.0
34 verbose afterAdd /Users/onlinemedien/.npm/gulp/3.9.0/package/package.json not in flight; writing
35 verbose afterAdd /Users/onlinemedien/.npm/gulp/3.9.0/package/package.json written
36 silly install resolved [ { name: 'gulp',
36 silly install resolved     description: 'The streaming build system',
36 silly install resolved     version: '3.9.0',
36 silly install resolved     homepage: 'http://gulpjs.com',
36 silly install resolved     repository: { type: 'git', url: 'git+https://github.com/gulpjs/gulp.git' },
36 silly install resolved     author:
36 silly install resolved      { name: 'Fractal',
36 silly install resolved        email: 'contact@wearefractal.com',
36 silly install resolved        url: 'http://wearefractal.com/' },
36 silly install resolved     tags: [ 'build', 'stream', 'system', 'make', 'tool', 'asset', 'pipeline' ],
36 silly install resolved     files: [ 'index.js', 'lib', 'bin', 'completion' ],
36 silly install resolved     bin: { gulp: './bin/gulp.js' },
36 silly install resolved     man: [ 'gulp.1' ],
36 silly install resolved     dependencies:
36 silly install resolved      { archy: '^1.0.0',
36 silly install resolved        chalk: '^1.0.0',
36 silly install resolved        deprecated: '^0.0.1',
36 silly install resolved        'gulp-util': '^3.0.0',
36 silly install resolved        interpret: '^0.6.2',
36 silly install resolved        liftoff: '^2.1.0',
36 silly install resolved        minimist: '^1.1.0',
36 silly install resolved        orchestrator: '^0.3.0',
36 silly install resolved        'pretty-hrtime': '^1.0.0',
36 silly install resolved        semver: '^4.1.0',
36 silly install resolved        tildify: '^1.0.0',
36 silly install resolved        v8flags: '^2.0.2',
36 silly install resolved        'vinyl-fs': '^0.3.0' },
36 silly install resolved     devDependencies:
36 silly install resolved      { coveralls: '^2.7.0',
36 silly install resolved        'graceful-fs': '^3.0.0',
36 silly install resolved        istanbul: '^0.3.0',
36 silly install resolved        jscs: '~1.12.0',
36 silly install resolved        jshint: '^2.5.0',
36 silly install resolved        'jshint-stylish': '^1.0.0',
36 silly install resolved        'marked-man': '^0.1.3',
36 silly install resolved        mkdirp: '^0.5.0',
36 silly install resolved        mocha: '^2.0.1',
36 silly install resolved        'mocha-lcov-reporter': '^0.0.1',
36 silly install resolved        q: '^1.0.0',
36 silly install resolved        rimraf: '^2.2.5',
36 silly install resolved        should: '^5.0.1' },
36 silly install resolved     scripts:
36 silly install resolved      { prepublish: 'marked-man --name gulp docs/CLI.md > gulp.1',
36 silly install resolved        lint: 'jshint lib bin test index.js --reporter node_modules/jshint-stylish/stylish.js --exclude node_modules && jscs lib bin test index.js',
36 silly install resolved        test: 'npm run-script lint && mocha --reporter spec',
36 silly install resolved        coveralls: 'istanbul cover _mocha --report lcovonly -- -R spec && cat ./coverage/lcov.info | coveralls && rm -rf ./coverage' },
36 silly install resolved     engines: { node: '>= 0.9' },
36 silly install resolved     license: 'MIT',
36 silly install resolved     gitHead: '657213a52d5e9c19b85df6a42f76341a98c08ae8',
36 silly install resolved     bugs: { url: 'https://github.com/gulpjs/gulp/issues' },
36 silly install resolved     _id: 'gulp@3.9.0',
36 silly install resolved     _shasum: 'cf1fba4cb558bb8c6ae6c9613f583ae2620d214a',
36 silly install resolved     _from: 'gulp@>=3.5.6 <4.0.0',
36 silly install resolved     _npmVersion: '2.8.3',
36 silly install resolved     _nodeVersion: '0.10.36',
36 silly install resolved     _npmUser: { name: 'phated', email: 'blaine@iceddev.com' },
36 silly install resolved     maintainers: [ [Object], [Object] ],
36 silly install resolved     dist:
36 silly install resolved      { shasum: 'cf1fba4cb558bb8c6ae6c9613f583ae2620d214a',
36 silly install resolved        tarball: 'http://registry.npmjs.org/gulp/-/gulp-3.9.0.tgz' },
36 silly install resolved     directories: {},
36 silly install resolved     _resolved: 'https://registry.npmjs.org/gulp/-/gulp-3.9.0.tgz',
36 silly install resolved     readme: 'ERROR: No README data found!' } ]
37 info install gulp@3.9.0 into /Users/onlinemedien/Documents/walkieDoggie/walkieDoggie
38 info installOne gulp@3.9.0
39 verbose installOne of gulp to /Users/onlinemedien/Documents/walkieDoggie/walkieDoggie not in flight; installing
40 warn locking Error: EACCES, open '/Users/onlinemedien/.npm/_locks/gulp-967821c0d8652a4e.lock'
40 warn locking     at Error (native)
40 warn locking  /Users/onlinemedien/.npm/_locks/gulp-967821c0d8652a4e.lock failed { [Error: EACCES, open '/Users/onlinemedien/.npm/_locks/gulp-967821c0d8652a4e.lock']
40 warn locking   errno: -13,
40 warn locking   code: 'EACCES',
40 warn locking   path: '/Users/onlinemedien/.npm/_locks/gulp-967821c0d8652a4e.lock' }
41 verbose stack Error: Attempt to unlock /Users/onlinemedien/Documents/walkieDoggie/walkieDoggie/node_modules/gulp, which hasn't been locked
41 verbose stack     at unlock (/usr/local/lib/node_modules/npm/lib/utils/locker.js:66:11)
41 verbose stack     at cb (/usr/local/lib/node_modules/npm/lib/install.js:1017:5)
41 verbose stack     at /usr/local/lib/node_modules/npm/lib/install.js:1021:20
41 verbose stack     at /usr/local/lib/node_modules/npm/lib/utils/locker.js:40:9
41 verbose stack     at cb (/usr/local/lib/node_modules/npm/node_modules/lockfile/lockfile.js:149:38)
41 verbose stack     at /usr/local/lib/node_modules/npm/node_modules/lockfile/lockfile.js:177:38
41 verbose stack     at FSReqWrap.oncomplete (fs.js:95:15)
42 verbose cwd /Users/onlinemedien/Documents/walkieDoggie/walkieDoggie
43 error Darwin 13.4.0
44 error argv "node" "/usr/local/bin/npm" "install" "gulp"
45 error node v0.12.4
46 error npm  v2.10.1
47 error Attempt to unlock /Users/onlinemedien/Documents/walkieDoggie/walkieDoggie/node_modules/gulp, which hasn't been locked
48 error If you need help, you may report this error at:
48 error     <https://github.com/npm/npm/issues>
49 verbose exit [ 1, true ]
